### original process start ###
{"partitionId":1,
"value":
{
"version":1,
"flowScopeKey":-1,
"bpmnElementType":"PROCESS",
"parentWorkflowInstanceKey":-1,
"parentElementInstanceKey":-1,
"workflowInstanceKey":2251799813686963,
"bpmnProcessId":"PayerFundTransfer-DFSPID",
"workflowKey":2251799813686925,
"elementId":"PayerFundTransfer-DFSPID"
},
"sourceRecordPosition":4296365776,
"position":4296367480,
"key":2251799813686963,
"timestamp":1590762784476,
"valueType":"WORKFLOW_INSTANCE",
"recordType":"EVENT",
"rejectionType":"NULL_VAL",
"rejectionReason":"",
"intent":"ELEMENT_ACTIVATING"
}

## variable inside call activity ###
{
"partitionId":1,
"value":
{
"name":"partyLookupFailed",
"value":"false",
"scopeKey":2251799813687036,
"workflowInstanceKey":2251799813687036,
"workflowKey":2251799813686943
},
"sourceRecordPosition":4296435464,
"position":4296436448,
"key":2251799813687037,
"timestamp":1590762798085,
"valueType":"VARIABLE",
"recordType":"EVENT",
"rejectionType":"NULL_VAL",
"rejectionReason":"",
"intent":"CREATED"
}

### call activity start ###
{
"partitionId":1,
"value":
{
"version":1,
"flowScopeKey":-1,
"bpmnElementType":"PROCESS",
"parentWorkflowInstanceKey":2251799813686963,
"parentElementInstanceKey":2251799813687035,
"workflowInstanceKey":2251799813687036,
"bpmnProcessId":"transfer-process-DFSPID",
"workflowKey":2251799813686943,
"elementId":"transfer-processDFSPID"
},
"sourceRecordPosition":4296435464,
"position":4296436120,
"key":2251799813687036,
"timestamp":1590762798085,
"valueType":"WORKFLOW_INSTANCE",
"recordType":"EVENT",
"rejectionType":"NULL_VAL",
"rejectionReason":"",
"intent":"ELEMENT_ACTIVATING"
}

### deployment ###
{
"partitionId":1,
"value": {
"resources": [{
"resource":"---------",
"resourceName":"./orchestration/feel/transfer-process-DFSPID.bpmn",
"resourceType":"BPMN_XML"
}],
"deployedWorkflows": [{
"version":1,
"resourceName":"./orchestration/feel/transfer-process-DFSPID.bpmn",
"bpmnProcessId":"transfer-process-tn02",
"workflowKey":2251799813688244
}]
},
"sourceRecordPosition":4299925008,
"position":4299964072,
"key":2251799813688245,
"timestamp":1591957096471,
"valueType":"DEPLOYMENT",
"rejectionType":"NULL_VAL",
"rejectionReason":"",
"intent":"CREATED",
"recordType":"EVENT"
}